=== partition_sim START 2026-07-13 10:57:03 ===
scenario: split5050
  split5050  V1 damped                durability floor_min(post)=2 avail floor_min(post)=1 durability zero-ticks=0
  split5050  V2 damped+jitter         durability floor_min(post)=2 avail floor_min(post)=2 durability zero-ticks=0
  split5050  V3 full (polite shrink)  durability floor_min(post)=5 avail floor_min(post)=2 durability zero-ticks=0
  wrote results/partition_split5050.png
scenario: split9010
  split9010  V1 damped                durability floor_min(post)=2 avail floor_min(post)=1 durability zero-ticks=0
  split9010  V2 damped+jitter         durability floor_min(post)=2 avail floor_min(post)=1 durability zero-ticks=0
  split9010  V3 full (polite shrink)  durability floor_min(post)=5 avail floor_min(post)=1 durability zero-ticks=0
  wrote results/partition_split9010.png
scenario: flapping
  flapping   V1 damped                durability floor_min(post)=2 avail floor_min(post)=0 durability zero-ticks=0
  flapping   V2 damped+jitter         durability floor_min(post)=4 avail floor_min(post)=2 durability zero-ticks=0
  flapping   V3 full (polite shrink)  durability floor_min(post)=5 avail floor_min(post)=2 durability zero-ticks=0
  wrote results/partition_flapping.png

| scenario | variant | dur_floor_min | dur_loss_ticks | avail_floor_min_split | avail_zero_ticks_split | avail_zero_ticks_postheal | heal_settle | resizes | sync_cost |
|---|---|---|---|---|---|---|---|---|---|
| split5050 | V1 damped | 2 | 0 | 1 | 0 | 0 | never | 5142 | 63089 |
| split5050 | V2 damped+jitter | 2 | 0 | 2 | 0 | 0 | 0 | 5284 | 39225 |
| split5050 | V3 full (polite shrink) | 5 | 0 | 2 | 0 | 0 | 0 | 3793 | 28476 |
| split9010 | V1 damped | 2 | 0 | 1 | 0 | 0 | never | 4890 | 60064 |
| split9010 | V2 damped+jitter | 2 | 0 | 1 | 0 | 0 | never | 4827 | 41098 |
| split9010 | V3 full (polite shrink) | 5 | 0 | 1 | 0 | 0 | 0 | 3894 | 41836 |
| flapping | V1 damped | 2 | 0 | 0 | 1007 | 0 | 190 | 5020 | 37507 |
| flapping | V2 damped+jitter | 4 | 0 | 2 | 0 | 0 | 142 | 5185 | 30150 |
| flapping | V3 full (polite shrink) | 5 | 0 | 2 | 0 | 0 | 354 | 4366 | 32530 |
=== partition_sim DONE 2026-07-13 10:57:50 ===
=== byzantine_sim START 2026-07-13 10:57:50 ===
study: forged intents
  forge/clean           floor_min(post)=5 true_floor_min=5 mean_level_end=0.85 sync=32891
  forge/forged intents  floor_min(post)=6 true_floor_min=6 mean_level_end=2.34 sync=77204
  wrote results/byz_forge.png
study: liars
  liar K=  2  declared_floor_end=5 true_floor_end=3 true_zero_end=0/512
  liar K=  4  declared_floor_end=5 true_floor_end=1 true_zero_end=0/512
  liar K=  5  declared_floor_end=5 true_floor_end=0 true_zero_end=139/512
  liar K= 10  declared_floor_end=10 true_floor_end=0 true_zero_end=357/512
  liar K= 20  declared_floor_end=20 true_floor_end=0 true_zero_end=364/512
study: trojan exit
  exit/trojan exit   true_floor_min(post)=1 true_zero_ticks=0
  exit/honest storm  true_floor_min(post)=5 true_zero_ticks=0
  wrote results/byz_liar.png
wrote results/byz_summary.md
=== byzantine_sim DONE 2026-07-13 10:58:26 ===
=== scale_sim START 2026-07-13 10:58:26 ===
36 runs on 6 workers
  N=  200 fixed   storm      V1 damped                settle=None floor_min=0 loss=249 (5s)
  N=  200 fixed   activation V1 damped                settle=1258 floor_min=2 loss=0 (5s)
  N=  500 fixed   storm      V1 damped                settle=702 floor_min=1 loss=0 (9s)
  N=  500 density storm      V1 damped                settle=0 floor_min=4 loss=0 (10s)
  N=  200 fixed   activation V3 full (polite shrink)  settle=1557 floor_min=5 loss=0 (6s)
  N=  200 fixed   storm      V3 full (polite shrink)  settle=403 floor_min=4 loss=0 (6s)
  N=  500 fixed   activation V1 damped                settle=1174 floor_min=0 loss=13 (12s)
  N=  500 density activation V1 damped                settle=868 floor_min=1 loss=0 (13s)
  N=  500 fixed   storm      V3 full (polite shrink)  settle=126 floor_min=4 loss=0 (12s)
  N=  500 density storm      V3 full (polite shrink)  settle=494 floor_min=3 loss=0 (13s)
  N=  500 fixed   activation V3 full (polite shrink)  settle=1687 floor_min=5 loss=0 (14s)
  N=  500 density activation V3 full (polite shrink)  settle=1465 floor_min=5 loss=0 (14s)
  N= 1000 fixed   storm      V1 damped                settle=0 floor_min=2 loss=0 (21s)
  N= 1000 fixed   activation V1 damped                settle=682 floor_min=1 loss=0 (24s)
  N= 1000 density activation V1 damped                settle=1096 floor_min=1 loss=0 (21s)
  N= 1000 density storm      V1 damped                settle=120 floor_min=2 loss=0 (23s)
  N= 1000 fixed   storm      V3 full (polite shrink)  settle=0 floor_min=3 loss=0 (25s)
  N= 2000 fixed   storm      V1 damped                settle=0 floor_min=1 loss=0 (33s)
  N= 1000 fixed   activation V3 full (polite shrink)  settle=1371 floor_min=5 loss=0 (30s)
  N= 2000 fixed   activation V1 damped                settle=766 floor_min=0 loss=19 (43s)
  N= 1000 density activation V3 full (polite shrink)  settle=1460 floor_min=5 loss=0 (28s)
  N= 1000 density storm      V3 full (polite shrink)  settle=119 floor_min=4 loss=0 (29s)
  N= 2000 density activation V1 damped                settle=2404 floor_min=0 loss=1071 (45s)
  N= 2000 density storm      V1 damped                settle=126 floor_min=2 loss=0 (37s)
  N= 2000 fixed   storm      V3 full (polite shrink)  settle=0 floor_min=4 loss=0 (54s)
  N= 2000 fixed   activation V3 full (polite shrink)  settle=1107 floor_min=5 loss=0 (58s)
  N= 2000 density storm      V3 full (polite shrink)  settle=451 floor_min=4 loss=0 (55s)
  N= 5000 fixed   activation V1 damped                settle=766 floor_min=3 loss=0 (94s)
  N= 2000 density activation V3 full (polite shrink)  settle=1479 floor_min=5 loss=0 (63s)
  N= 5000 fixed   storm      V1 damped                settle=0 floor_min=1 loss=0 (96s)
  N= 5000 density storm      V1 damped                settle=0 floor_min=5 loss=0 (71s)
  N= 5000 density activation V1 damped                settle=1420 floor_min=0 loss=1474 (87s)
  N= 5000 fixed   storm      V3 full (polite shrink)  settle=0 floor_min=1 loss=0 (113s)
  N= 5000 fixed   activation V3 full (polite shrink)  settle=1104 floor_min=5 loss=0 (124s)
  N= 5000 density storm      V3 full (polite shrink)  settle=29 floor_min=4 loss=0 (129s)
  N= 5000 density activation V3 full (polite shrink)  settle=1694 floor_min=5 loss=0 (142s)
wrote results/scale.png

| n | sectors | series | scenario | variant | settle | floor_min | exposure | loss | resizes_per_agent | sync_per_agent | mean_level_end |
|---|---|---|---|---|---|---|---|---|---|---|---|
| 500 | 1024 | density | activation | V1 damped | 868 | 1 | 9791 | 0 | 10.8 | 21.2 | 0.5 |
| 500 | 1024 | density | activation | V3 full (polite shrink) | 1465 | 5 | 0 | 0 | 18.4 | 135.2 | 0.6 |
| 1000 | 2048 | density | activation | V1 damped | 1096 | 1 | 60252 | 0 | 15.4 | 222.5 | 0.6 |
| 1000 | 2048 | density | activation | V3 full (polite shrink) | 1460 | 5 | 0 | 0 | 14.9 | 64.1 | 0.2 |
| 2000 | 4096 | density | activation | V1 damped | 2404 | 0 | 407594 | 1071 | 22.8 | 254.6 | 0.4 |
| 2000 | 4096 | density | activation | V3 full (polite shrink) | 1479 | 5 | 0 | 0 | 21.6 | 129.3 | 0.2 |
| 5000 | 16384 | density | activation | V1 damped | 1420 | 0 | 256840 | 1474 | 16.2 | 94.6 | 0.0 |
| 5000 | 16384 | density | activation | V3 full (polite shrink) | 1694 | 5 | 0 | 0 | 21.2 | 139.7 | 0.3 |
| 200 | 512 | fixed | activation | V1 damped | 1258 | 2 | 19296 | 0 | 19.4 | 243.4 | 1.1 |
| 200 | 512 | fixed | activation | V3 full (polite shrink) | 1557 | 5 | 0 | 0 | 22.9 | 248.0 | 0.9 |
| 500 | 512 | fixed | activation | V1 damped | 1174 | 0 | 32547 | 13 | 18.5 | 110.5 | 0.5 |
| 500 | 512 | fixed | activation | V3 full (polite shrink) | 1687 | 5 | 0 | 0 | 18.2 | 88.8 | 0.3 |
| 1000 | 512 | fixed | activation | V1 damped | 682 | 1 | 3536 | 0 | 10.0 | 12.7 | 0.1 |
| 1000 | 512 | fixed | activation | V3 full (polite shrink) | 1371 | 5 | 0 | 0 | 12.0 | 18.3 | 0.1 |
| 2000 | 512 | fixed | activation | V1 damped | 766 | 0 | 13945 | 19 | 12.3 | 34.8 | 0.2 |
| 2000 | 512 | fixed | activation | V3 full (polite shrink) | 1107 | 5 | 0 | 0 | 9.4 | 2.0 | 0.0 |
| 5000 | 512 | fixed | activation | V1 damped | 766 | 3 | 57 | 0 | 9.0 | 0.0 | 0.0 |
| 5000 | 512 | fixed | activation | V3 full (polite shrink) | 1104 | 5 | 0 | 0 | 9.7 | 0.3 | 0.0 |
| 500 | 1024 | density | storm | V1 damped | 0 | 4 | 285 | 0 | 11.0 | 22.9 | 0.3 |
| 500 | 1024 | density | storm | V3 full (polite shrink) | 494 | 3 | 15279 | 0 | 19.9 | 157.7 | 0.7 |
| 1000 | 2048 | density | storm | V1 damped | 120 | 2 | 34812 | 0 | 15.3 | 143.5 | 0.2 |
| 1000 | 2048 | density | storm | V3 full (polite shrink) | 119 | 4 | 19063 | 0 | 16.9 | 92.6 | 0.5 |
| 2000 | 4096 | density | storm | V1 damped | 126 | 2 | 192671 | 0 | 22.2 | 235.1 | 0.3 |
| 2000 | 4096 | density | storm | V3 full (polite shrink) | 451 | 4 | 80804 | 0 | 21.0 | 103.3 | 0.7 |
| 5000 | 16384 | density | storm | V1 damped | 0 | 5 | 0 | 0 | 16.2 | 94.6 | 0.0 |
| 5000 | 16384 | density | storm | V3 full (polite shrink) | 29 | 4 | 13292 | 0 | 20.2 | 117.2 | 0.7 |
| 200 | 512 | fixed | storm | V1 damped | never | 0 | 65909 | 249 | 26.4 | 340.3 | 1.4 |
| 200 | 512 | fixed | storm | V3 full (polite shrink) | 403 | 4 | 7552 | 0 | 22.2 | 200.8 | 0.7 |
| 500 | 512 | fixed | storm | V1 damped | 702 | 1 | 39540 | 0 | 21.6 | 141.9 | 0.6 |
| 500 | 512 | fixed | storm | V3 full (polite shrink) | 126 | 4 | 6293 | 0 | 17.6 | 75.1 | 0.5 |
| 1000 | 512 | fixed | storm | V1 damped | 0 | 2 | 10457 | 0 | 11.4 | 30.6 | 0.2 |
| 1000 | 512 | fixed | storm | V3 full (polite shrink) | 0 | 3 | 1971 | 0 | 13.4 | 30.8 | 0.2 |
| 2000 | 512 | fixed | storm | V1 damped | 0 | 1 | 8857 | 0 | 12.2 | 32.7 | 0.2 |
| 2000 | 512 | fixed | storm | V3 full (polite shrink) | 0 | 4 | 4325 | 0 | 9.6 | 2.1 | 0.1 |
| 5000 | 512 | fixed | storm | V1 damped | 0 | 1 | 11251 | 0 | 9.8 | 0.5 | 0.1 |
| 5000 | 512 | fixed | storm | V3 full (polite shrink) | 0 | 1 | 2274 | 0 | 10.1 | 0.7 | 0.1 |
=== scale_sim DONE 2026-07-13 11:04:11 ===
=== race_quantify START 2026-07-13 11:04:11 ===
cell R=3 lag_max=24
  R=3 lag=24 p=5e-04: holes=10 (shrink 0 / churn 10) in 40 runs; runs_with_hole=1
  R=3 lag=24 p=1e-03: holes=0 (shrink 0 / churn 0) in 40 runs; runs_with_hole=0
  R=3 lag=24 p=2e-03: holes=264 (shrink 0 / churn 264) in 40 runs; runs_with_hole=6
  R=3 lag=24 p=4e-03: holes=1779 (shrink 0 / churn 1779) in 40 runs; runs_with_hole=15
  R=3 lag=24 p=8e-03: holes=7229 (shrink 2 / churn 7227) in 40 runs; runs_with_hole=36
  R=3 lag=24 p=2e-02: holes=48082 (shrink 13 / churn 48069) in 40 runs; runs_with_hole=40
  R=3 lag=24 p=3e-02: holes=226537 (shrink 0 / churn 226537) in 40 runs; runs_with_hole=40
  cell R=3 lag=24 done in 147s (equilibrium floor at snapshot: 3)
cell R=3 lag_max=48
  R=3 lag=48 p=5e-04: holes=0 (shrink 0 / churn 0) in 40 runs; runs_with_hole=0
  R=3 lag=48 p=1e-03: holes=100 (shrink 0 / churn 100) in 40 runs; runs_with_hole=1
  R=3 lag=48 p=2e-03: holes=466 (shrink 0 / churn 466) in 40 runs; runs_with_hole=5
  R=3 lag=48 p=4e-03: holes=2146 (shrink 0 / churn 2146) in 40 runs; runs_with_hole=19
  R=3 lag=48 p=8e-03: holes=19348 (shrink 5 / churn 19343) in 40 runs; runs_with_hole=38
  R=3 lag=48 p=2e-02: holes=103759 (shrink 16 / churn 103743) in 40 runs; runs_with_hole=40
  R=3 lag=48 p=3e-02: holes=348542 (shrink 4 / churn 348538) in 40 runs; runs_with_hole=40
  cell R=3 lag=48 done in 144s (equilibrium floor at snapshot: 4)
cell R=3 lag_max=96
  R=3 lag=96 p=5e-04: holes=0 (shrink 0 / churn 0) in 40 runs; runs_with_hole=0
  R=3 lag=96 p=1e-03: holes=347 (shrink 0 / churn 347) in 40 runs; runs_with_hole=4
  R=3 lag=96 p=2e-03: holes=2273 (shrink 21 / churn 2252) in 40 runs; runs_with_hole=15
  R=3 lag=96 p=4e-03: holes=8311 (shrink 3 / churn 8308) in 40 runs; runs_with_hole=34
  R=3 lag=96 p=8e-03: holes=49542 (shrink 102 / churn 49440) in 40 runs; runs_with_hole=40
  R=3 lag=96 p=2e-02: holes=175063 (shrink 642 / churn 174421) in 40 runs; runs_with_hole=40
  R=3 lag=96 p=3e-02: holes=290853 (shrink 905 / churn 289948) in 40 runs; runs_with_hole=40
  cell R=3 lag=96 done in 146s (equilibrium floor at snapshot: 4)
cell R=5 lag_max=24
  R=5 lag=24 p=5e-04: holes=0 (shrink 0 / churn 0) in 40 runs; runs_with_hole=0
  R=5 lag=24 p=1e-03: holes=0 (shrink 0 / churn 0) in 40 runs; runs_with_hole=0
  R=5 lag=24 p=2e-03: holes=0 (shrink 0 / churn 0) in 40 runs; runs_with_hole=0
  R=5 lag=24 p=4e-03: holes=0 (shrink 0 / churn 0) in 40 runs; runs_with_hole=0
  R=5 lag=24 p=8e-03: holes=460 (shrink 0 / churn 460) in 40 runs; runs_with_hole=7
  R=5 lag=24 p=2e-02: holes=8371 (shrink 0 / churn 8371) in 40 runs; runs_with_hole=36
  R=5 lag=24 p=3e-02: holes=112709 (shrink 0 / churn 112709) in 40 runs; runs_with_hole=40
  cell R=5 lag=24 done in 145s (equilibrium floor at snapshot: 6)
cell R=5 lag_max=48
  R=5 lag=48 p=5e-04: holes=0 (shrink 0 / churn 0) in 40 runs; runs_with_hole=0
  R=5 lag=48 p=1e-03: holes=0 (shrink 0 / churn 0) in 40 runs; runs_with_hole=0
  R=5 lag=48 p=2e-03: holes=0 (shrink 0 / churn 0) in 40 runs; runs_with_hole=0
  R=5 lag=48 p=4e-03: holes=164 (shrink 0 / churn 164) in 40 runs; runs_with_hole=3
  R=5 lag=48 p=8e-03: holes=2512 (shrink 0 / churn 2512) in 40 runs; runs_with_hole=23
  R=5 lag=48 p=2e-02: holes=50392 (shrink 0 / churn 50392) in 40 runs; runs_with_hole=40
  R=5 lag=48 p=3e-02: holes=342774 (shrink 1 / churn 342773) in 40 runs; runs_with_hole=40
  cell R=5 lag=48 done in 145s (equilibrium floor at snapshot: 5)
cell R=5 lag_max=96
  R=5 lag=96 p=5e-04: holes=0 (shrink 0 / churn 0) in 40 runs; runs_with_hole=0
  R=5 lag=96 p=1e-03: holes=0 (shrink 0 / churn 0) in 40 runs; runs_with_hole=0
  R=5 lag=96 p=2e-03: holes=163 (shrink 0 / churn 163) in 40 runs; runs_with_hole=3
  R=5 lag=96 p=4e-03: holes=639 (shrink 0 / churn 639) in 40 runs; runs_with_hole=8
  R=5 lag=96 p=8e-03: holes=21517 (shrink 2 / churn 21515) in 40 runs; runs_with_hole=39
  R=5 lag=96 p=2e-02: holes=170610 (shrink 13 / churn 170597) in 40 runs; runs_with_hole=40
  R=5 lag=96 p=3e-02: holes=287843 (shrink 3 / churn 287840) in 40 runs; runs_with_hole=40
  cell R=5 lag=96 done in 144s (equilibrium floor at snapshot: 5)
wrote results/race.png
R=3 lag=24: fitted log-log slope 2.42
R=3 lag=48: fitted log-log slope 2.44
R=3 lag=96: fitted log-log slope 2.00
R=5 lag=24: fitted log-log slope 3.97
R=5 lag=48: fitted log-log slope 3.74
R=5 lag=96: fitted log-log slope 2.96
=== race_quantify DONE 2026-07-13 11:18:49 ===
=== STAGE3 ALL DONE 2026-07-13 11:18:49 ===
